2021-01-06 16:31:44.736 [main] INFO  com.zxc.springlog.SpringLogApplication - Starting SpringLogApplication on LAPTOP-GG7PAM85 with PID 18996 (D:\idea workspace\spring-log\target\classes started by ZJRCU in D:\idea workspace\spring-log)
2021-01-06 16:31:44.746 [main] INFO  com.zxc.springlog.SpringLogApplication - No active profile set, falling back to default profiles: default
2021-01-06 16:31:45.646 [main] INFO  o.s.boot.web.embedded.tomcat.TomcatWebServer - Tomcat initialized with port(s): 8080 (http)
2021-01-06 16:31:45.656 [main] INFO  org.apache.coyote.http11.Http11NioProtocol - Initializing ProtocolHandler ["http-nio-8080"]
2021-01-06 16:31:45.656 [main] INFO  org.apache.catalina.core.StandardService - Starting service [Tomcat]
2021-01-06 16:31:45.656 [main] INFO  org.apache.catalina.core.StandardEngine - Starting Servlet engine: [Apache Tomcat/9.0.39]
2021-01-06 16:31:45.716 [main] INFO  o.a.c.core.ContainerBase.[Tomcat].[localhost].[/] - Initializing Spring embedded WebApplicationContext
2021-01-06 16:31:45.716 [main] INFO  o.s.b.w.s.c.ServletWebServerApplicationContext - Root WebApplicationContext: initialization completed in 910 ms
2021-01-06 16:31:45.975 [main] INFO  o.s.scheduling.concurrent.ThreadPoolTaskExecutor - Initializing ExecutorService 'applicationTaskExecutor'
2021-01-06 16:31:46.161 [main] INFO  org.apache.coyote.http11.Http11NioProtocol - Starting ProtocolHandler ["http-nio-8080"]
2021-01-06 16:31:46.176 [main] INFO  o.s.boot.web.embedded.tomcat.TomcatWebServer - Tomcat started on port(s): 8080 (http) with context path ''
2021-01-06 16:31:46.185 [main] INFO  com.zxc.springlog.SpringLogApplication - Started SpringLogApplication in 1.857 seconds (JVM running for 2.889)
2021-01-06 16:32:49.694 [http-nio-8080-exec-1] INFO  o.a.c.core.ContainerBase.[Tomcat].[localhost].[/] - Initializing Spring DispatcherServlet 'dispatcherServlet'
2021-01-06 16:32:49.694 [http-nio-8080-exec-1] INFO  org.springframework.web.servlet.DispatcherServlet - Initializing Servlet 'dispatcherServlet'
2021-01-06 16:32:49.702 [http-nio-8080-exec-1] INFO  org.springframework.web.servlet.DispatcherServlet - Completed initialization in 7 ms
2021-01-06 16:32:49.729 [http-nio-8080-exec-1] INFO  com.zxc.springlog.common.aop.WebLogAspect - ====基于类的切面====
2021-01-06 16:32:49.730 [http-nio-8080-exec-1] INFO  com.zxc.springlog.common.aop.WebLogAspect - URL : http://localhost:8080/user/getOne
2021-01-06 16:32:49.730 [http-nio-8080-exec-1] INFO  com.zxc.springlog.common.aop.WebLogAspect - URI : /user/getOne
2021-01-06 16:32:49.730 [http-nio-8080-exec-1] INFO  com.zxc.springlog.common.aop.WebLogAspect - HTTP_METHOD : GET
2021-01-06 16:32:49.730 [http-nio-8080-exec-1] INFO  com.zxc.springlog.common.aop.WebLogAspect - REMOTE_ADDR : 0:0:0:0:0:0:0:1
2021-01-06 16:32:49.731 [http-nio-8080-exec-1] INFO  com.zxc.springlog.common.aop.WebLogAspect - CLASS_METHOD : com.zxc.springlog.controller.UserController.getOne
2021-01-06 16:32:49.731 [http-nio-8080-exec-1] INFO  com.zxc.springlog.common.aop.WebLogAspect - ARGS : [null, null]
2021-01-06 16:32:49.731 [http-nio-8080-exec-1] INFO  com.zxc.springlog.common.aop.WebLogAspect - USER_AGENTMozilla/5.0 (Windows NT 10.0; Win64; x64) AppleWebKit/537.36 (KHTML, like Gecko) Chrome/87.0.4280.88 Safari/537.36 Edg/87.0.664.66
2021-01-06 16:32:49.731 [http-nio-8080-exec-1] INFO  com.zxc.springlog.common.aop.WebLogAspect - 执行方法：查询
2021-01-06 16:32:49.732 [http-nio-8080-exec-1] INFO  com.zxc.springlog.common.aop.WebLogAspectMethod - ====基于方法的切面(前置)====
2021-01-06 16:32:49.732 [http-nio-8080-exec-1] INFO  com.zxc.springlog.common.aop.WebLogAspectMethod - 执行方法：查询
2021-01-06 16:32:49.739 [http-nio-8080-exec-1] INFO  com.zxc.springlog.common.aop.WebLogAspectMethod - ====基于方法的切面(后置)====
2021-01-06 16:32:49.739 [http-nio-8080-exec-1] INFO  com.zxc.springlog.common.aop.WebLogAspectMethod - 执行方法：查询
2021-01-06 16:32:49.739 [http-nio-8080-exec-1] INFO  com.zxc.springlog.common.aop.WebLogAspect - RESPONSE : 1234
2021-01-06 16:32:49.739 [http-nio-8080-exec-1] INFO  com.zxc.springlog.common.aop.WebLogAspect - 耗时：13
